This file contains any messages produced by compilers while
running configure, to aid debugging if configure makes a mistake.

It was created by lights configure 0.1, which was
generated by GNU Autoconf 2.69.  Invocation command line was

  $ /home/eric/Workspace/Amjutalights/configure --enable-maintainer-mode CFLAGS=-g -O0 CXXFLAGS=-g -O0 JFLAGS=-g -O0 FFLAGS=-g -O0 --no-create --no-recursion

## --------- ##
## Platform. ##
## --------- ##

hostname = Jinx
uname -m = x86_64
uname -r = 3.13.0-32-generic
uname -s = Linux
uname -v = #57-Ubuntu SMP Tue Jul 15 03:51:08 UTC 2014

/usr/bin/uname -p = unknown
/bin/uname -X     = unknown

/bin/arch              = unknown
/usr/bin/arch -k       = unknown
/usr/convex/getsysinfo = unknown
/usr/bin/hostinfo      = unknown
/bin/machine           = unknown
/usr/bin/oslevel       = unknown
/bin/universe          = unknown

PATH: /home/eric/.bin
PATH: /usr/local/sbin
PATH: /usr/local/bin
PATH: /usr/sbin
PATH: /usr/bin
PATH: /sbin
PATH: /bin
PATH: /usr/games
PATH: /usr/local/games


## ----------- ##
## Core tests. ##
## ----------- ##

configure:2314: checking for a BSD-compatible install
configure:2382: result: /usr/bin/install -c
configure:2393: checking whether build environment is sane
configure:2448: result: yes
configure:2599: checking for a thread-safe mkdir -p
configure:2638: result: /bin/mkdir -p
configure:2645: checking for gawk
configure:2661: found /usr/bin/gawk
configure:2672: result: gawk
configure:2683: checking whether make sets $(MAKE)
configure:2705: result: yes
configure:2734: checking whether make supports nested variables
configure:2751: result: yes
configure:2888: checking whether make supports nested variables
configure:2905: result: yes
configure:2965: checking for gcc
configure:2981: found /usr/bin/gcc
configure:2992: result: gcc
configure:3221: checking for C compiler version
configure:3230: gcc --version >&5
gcc (Ubuntu 4.8.2-19ubuntu1) 4.8.2
Copyright (C) 2013 Free Software Foundation, Inc.
This is free software; see the source for copying conditions.  There is NO
warranty; not even for MERCHANTABILITY or FITNESS FOR A PARTICULAR PURPOSE.

configure:3241: $? = 0
configure:3230: gcc -v >&5
Using built-in specs.
COLLECT_GCC=gcc
COLLECT_LTO_WRAPPER=/usr/lib/gcc/x86_64-linux-gnu/4.8/lto-wrapper
Target: x86_64-linux-gnu
Configured with: ../src/configure -v --with-pkgversion='Ubuntu 4.8.2-19ubuntu1' --with-bugurl=file:///usr/share/doc/gcc-4.8/README.Bugs --enable-languages=c,c++,java,go,d,fortran,objc,obj-c++ --prefix=/usr --program-suffix=-4.8 --enable-shared --enable-linker-build-id --libexecdir=/usr/lib --without-included-gettext --enable-threads=posix --with-gxx-include-dir=/usr/include/c++/4.8 --libdir=/usr/lib --enable-nls --with-sysroot=/ --enable-clocale=gnu --enable-libstdcxx-debug --enable-libstdcxx-time=yes --enable-gnu-unique-object --disable-libmudflap --enable-plugin --with-system-zlib --disable-browser-plugin --enable-java-awt=gtk --enable-gtk-cairo --with-java-home=/usr/lib/jvm/java-1.5.0-gcj-4.8-amd64/jre --enable-java-home --with-jvm-root-dir=/usr/lib/jvm/java-1.5.0-gcj-4.8-amd64 --with-jvm-jar-dir=/usr/lib/jvm-exports/java-1.5.0-gcj-4.8-amd64 --with-arch-directory=amd64 --with-ecj-jar=/usr/share/java/eclipse-ecj.jar --enable-objc-gc --enable-multiarch --disable-werror --with-arch-32=i686 --with-abi=m64 --with-multilib-list=m32,m64,mx32 --with-tune=generic --enable-checking=release --build=x86_64-linux-gnu --host=x86_64-linux-gnu --target=x86_64-linux-gnu
Thread model: posix
gcc version 4.8.2 (Ubuntu 4.8.2-19ubuntu1) 
configure:3241: $? = 0
configure:3230: gcc -V >&5
gcc: error: unrecognized command line option '-V'
gcc: fatal error: no input files
compilation terminated.
configure:3241: $? = 4
configure:3230: gcc -qversion >&5
gcc: error: unrecognized command line option '-qversion'
gcc: fatal error: no input files
compilation terminated.
configure:3241: $? = 4
configure:3261: checking whether the C compiler works
configure:3283: gcc -g -O0   conftest.c  >&5
configure:3287: $? = 0
configure:3335: result: yes
configure:3338: checking for C compiler default output file name
configure:3340: result: a.out
configure:3346: checking for suffix of executables
configure:3353: gcc -o conftest -g -O0   conftest.c  >&5
configure:3357: $? = 0
configure:3379: result: 
configure:3401: checking whether we are cross compiling
configure:3409: gcc -o conftest -g -O0   conftest.c  >&5
configure:3413: $? = 0
configure:3420: ./conftest
configure:3424: $? = 0
configure:3439: result: no
configure:3444: checking for suffix of object files
configure:3466: gcc -c -g -O0  conftest.c >&5
configure:3470: $? = 0
configure:3491: result: o
configure:3495: checking whether we are using the GNU C compiler
configure:3514: gcc -c -g -O0  conftest.c >&5
configure:3514: $? = 0
configure:3523: result: yes
configure:3532: checking whether gcc accepts -g
configure:3552: gcc -c -g  conftest.c >&5
configure:3552: $? = 0
configure:3593: result: yes
configure:3610: checking for gcc option to accept ISO C89
configure:3673: gcc  -c -g -O0  conftest.c >&5
configure:3673: $? = 0
configure:3686: result: none needed
configure:3711: checking whether gcc understands -c and -o together
configure:3733: gcc -c conftest.c -o conftest2.o
configure:3736: $? = 0
configure:3733: gcc -c conftest.c -o conftest2.o
configure:3736: $? = 0
configure:3748: result: yes
configure:3776: checking for style of include used by make
configure:3804: result: GNU
configure:3830: checking dependency style of gcc
configure:3941: result: gcc3
configure:3961: checking whether NLS is requested
configure:3970: result: yes
configure:3989: checking for intltool >= 0.35.0
configure:3991: result: 0.50.2 found
configure:3999: checking for intltool-update
configure:4017: found /usr/bin/intltool-update
configure:4029: result: /usr/bin/intltool-update
configure:4039: checking for intltool-merge
configure:4057: found /usr/bin/intltool-merge
configure:4069: result: /usr/bin/intltool-merge
configure:4079: checking for intltool-extract
configure:4097: found /usr/bin/intltool-extract
configure:4109: result: /usr/bin/intltool-extract
configure:4263: checking for xgettext
configure:4281: found /usr/bin/xgettext
configure:4293: result: /usr/bin/xgettext
configure:4303: checking for msgmerge
configure:4321: found /usr/bin/msgmerge
configure:4333: result: /usr/bin/msgmerge
configure:4343: checking for msgfmt
configure:4361: found /usr/bin/msgfmt
configure:4373: result: /usr/bin/msgfmt
configure:4383: checking for gmsgfmt
configure:4414: result: /usr/bin/msgfmt
configure:4434: checking for perl
configure:4452: found /usr/bin/perl
configure:4464: result: /usr/bin/perl
configure:4475: checking for perl >= 5.8.1
configure:4482: result: 5.18.2
configure:4486: checking for XML::Parser
configure:4489: result: ok
configure:4514: gcc -o conftest -g -O0   conftest.c  >&5
configure:4514: $? = 0
configure:4554: checking how to run the C preprocessor
configure:4585: gcc -E  conftest.c
configure:4585: $? = 0
configure:4599: gcc -E  conftest.c
conftest.c:12:28: fatal error: ac_nonexistent.h: No such file or directory
 #include <ac_nonexistent.h>
                            ^
compilation terminated.
configure:4599: $? = 1
configure: failed program was:
| /* confdefs.h */
| #define PACKAGE_NAME "lights"
| #define PACKAGE_TARNAME "lights"
| #define PACKAGE_VERSION "0.1"
| #define PACKAGE_STRING "lights 0.1"
| #define PACKAGE_BUGREPORT ""
| #define PACKAGE_URL ""
| #define PACKAGE "lights"
| #define VERSION "0.1"
| #define GETTEXT_PACKAGE "lights"
| /* end confdefs.h.  */
| #include <ac_nonexistent.h>
configure:4624: result: gcc -E
configure:4644: gcc -E  conftest.c
configure:4644: $? = 0
configure:4658: gcc -E  conftest.c
conftest.c:12:28: fatal error: ac_nonexistent.h: No such file or directory
 #include <ac_nonexistent.h>
                            ^
compilation terminated.
configure:4658: $? = 1
configure: failed program was:
| /* confdefs.h */
| #define PACKAGE_NAME "lights"
| #define PACKAGE_TARNAME "lights"
| #define PACKAGE_VERSION "0.1"
| #define PACKAGE_STRING "lights 0.1"
| #define PACKAGE_BUGREPORT ""
| #define PACKAGE_URL ""
| #define PACKAGE "lights"
| #define VERSION "0.1"
| #define GETTEXT_PACKAGE "lights"
| /* end confdefs.h.  */
| #include <ac_nonexistent.h>
configure:4687: checking for grep that handles long lines and -e
configure:4745: result: /bin/grep
configure:4750: checking for egrep
configure:4812: result: /bin/grep -E
configure:4817: checking for ANSI C header files
configure:4837: gcc -c -g -O0  conftest.c >&5
configure:4837: $? = 0
configure:4910: gcc -o conftest -g -O0   conftest.c  >&5
configure:4910: $? = 0
configure:4910: ./conftest
configure:4910: $? = 0
configure:4921: result: yes
configure:4934: checking for sys/types.h
configure:4934: gcc -c -g -O0  conftest.c >&5
configure:4934: $? = 0
configure:4934: result: yes
configure:4934: checking for sys/stat.h
configure:4934: gcc -c -g -O0  conftest.c >&5
configure:4934: $? = 0
configure:4934: result: yes
configure:4934: checking for stdlib.h
configure:4934: gcc -c -g -O0  conftest.c >&5
configure:4934: $? = 0
configure:4934: result: yes
configure:4934: checking for string.h
configure:4934: gcc -c -g -O0  conftest.c >&5
configure:4934: $? = 0
configure:4934: result: yes
configure:4934: checking for memory.h
configure:4934: gcc -c -g -O0  conftest.c >&5
configure:4934: $? = 0
configure:4934: result: yes
configure:4934: checking for strings.h
configure:4934: gcc -c -g -O0  conftest.c >&5
configure:4934: $? = 0
configure:4934: result: yes
configure:4934: checking for inttypes.h
configure:4934: gcc -c -g -O0  conftest.c >&5
configure:4934: $? = 0
configure:4934: result: yes
configure:4934: checking for stdint.h
configure:4934: gcc -c -g -O0  conftest.c >&5
configure:4934: $? = 0
configure:4934: result: yes
configure:4934: checking for unistd.h
configure:4934: gcc -c -g -O0  conftest.c >&5
configure:4934: $? = 0
configure:4934: result: yes
configure:4949: checking locale.h usability
configure:4949: gcc -c -g -O0  conftest.c >&5
configure:4949: $? = 0
configure:4949: result: yes
configure:4949: checking locale.h presence
configure:4949: gcc -E  conftest.c
configure:4949: $? = 0
configure:4949: result: yes
configure:4949: checking for locale.h
configure:4949: result: yes
configure:4960: checking for LC_MESSAGES
configure:4976: gcc -o conftest -g -O0   conftest.c  >&5
configure:4976: $? = 0
configure:4984: result: yes
configure:5001: checking libintl.h usability
configure:5001: gcc -c -g -O0  conftest.c >&5
configure:5001: $? = 0
configure:5001: result: yes
configure:5001: checking libintl.h presence
configure:5001: gcc -E  conftest.c
configure:5001: $? = 0
configure:5001: result: yes
configure:5001: checking for libintl.h
configure:5001: result: yes
configure:5009: checking for ngettext in libc
configure:5027: gcc -o conftest -g -O0   conftest.c  >&5
configure:5027: $? = 0
configure:5036: result: yes
configure:5040: checking for dgettext in libc
configure:5058: gcc -o conftest -g -O0   conftest.c  >&5
configure:5058: $? = 0
configure:5067: result: yes
configure:5074: checking for bind_textdomain_codeset
configure:5074: gcc -o conftest -g -O0   conftest.c  >&5
configure:5074: $? = 0
configure:5074: result: yes
configure:5350: checking for msgfmt
configure:5377: result: /usr/bin/msgfmt
configure:5388: checking for dcgettext
configure:5388: gcc -o conftest -g -O0   conftest.c   >&5
conftest.c:49:6: warning: conflicting types for built-in function 'dcgettext' [enabled by default]
 char dcgettext ();
      ^
configure:5388: $? = 0
configure:5388: result: yes
configure:5398: checking if msgfmt accepts -c
configure:5413: $MSGFMT -c -o /dev/null conftest.foo
conftest.foo:3: warning: header field 'Language' missing in header
configure:5416: $? = 0
configure:5418: result: yes
configure:5428: checking for gmsgfmt
configure:5459: result: /usr/bin/msgfmt
configure:5469: checking for xgettext
configure:5496: result: /usr/bin/xgettext
configure:5515: gcc -o conftest -g -O0   conftest.c   >&5
configure:5515: $? = 0
configure:5688: checking build system type
configure:5702: result: x86_64-unknown-linux-gnu
configure:5722: checking host system type
configure:5735: result: x86_64-unknown-linux-gnu
configure:5776: checking how to print strings
configure:5803: result: printf
configure:5824: checking for a sed that does not truncate output
configure:5888: result: /bin/sed
configure:5906: checking for fgrep
configure:5968: result: /bin/grep -F
configure:6003: checking for ld used by gcc
configure:6070: result: /usr/bin/ld
configure:6077: checking if the linker (/usr/bin/ld) is GNU ld
configure:6092: result: yes
configure:6104: checking for BSD- or MS-compatible name lister (nm)
configure:6153: result: /usr/bin/nm -B
configure:6283: checking the name lister (/usr/bin/nm -B) interface
configure:6290: gcc -c -g -O0  conftest.c >&5
configure:6293: /usr/bin/nm -B "conftest.o"
configure:6296: output
0000000000000000 B some_variable
configure:6303: result: BSD nm
configure:6306: checking whether ln -s works
configure:6310: result: yes
configure:6318: checking the maximum length of command line arguments
configure:6449: result: 3458764513820540925
configure:6466: checking whether the shell understands some XSI constructs
configure:6476: result: yes
configure:6480: checking whether the shell understands "+="
configure:6486: result: yes
configure:6521: checking how to convert x86_64-unknown-linux-gnu file names to x86_64-unknown-linux-gnu format
configure:6561: result: func_convert_file_noop
configure:6568: checking how to convert x86_64-unknown-linux-gnu file names to toolchain format
configure:6588: result: func_convert_file_noop
configure:6595: checking for /usr/bin/ld option to reload object files
configure:6602: result: -r
configure:6676: checking for objdump
configure:6692: found /usr/bin/objdump
configure:6703: result: objdump
configure:6735: checking how to recognize dependent libraries
configure:6933: result: pass_all
configure:7018: checking for dlltool
configure:7048: result: no
configure:7078: checking how to associate runtime and link libraries
configure:7105: result: printf %s\n
configure:7165: checking for ar
configure:7181: found /usr/bin/ar
configure:7192: result: ar
configure:7229: checking for archiver @FILE support
configure:7246: gcc -c -g -O0  conftest.c >&5
configure:7246: $? = 0
configure:7249: ar cru libconftest.a @conftest.lst >&5
configure:7252: $? = 0
configure:7257: ar cru libconftest.a @conftest.lst >&5
ar: conftest.o: No such file or directory
configure:7260: $? = 1
configure:7272: result: @
configure:7330: checking for strip
configure:7346: found /usr/bin/strip
configure:7357: result: strip
configure:7429: checking for ranlib
configure:7445: found /usr/bin/ranlib
configure:7456: result: ranlib
configure:7558: checking command to parse /usr/bin/nm -B output from gcc object
configure:7678: gcc -c -g -O0  conftest.c >&5
configure:7681: $? = 0
configure:7685: /usr/bin/nm -B conftest.o \| sed -n -e 's/^.*[ ]\([ABCDGIRSTW][ABCDGIRSTW]*\)[ ][ ]*\([_A-Za-z][_A-Za-z0-9]*\)$/\1 \2 \2/p' | sed '/ __gnu_lto/d' \> conftest.nm
configure:7688: $? = 0
configure:7754: gcc -o conftest -g -O0   conftest.c conftstm.o >&5
configure:7757: $? = 0
configure:7795: result: ok
configure:7832: checking for sysroot
configure:7862: result: no
configure:7939: gcc -c -g -O0  conftest.c >&5
configure:7942: $? = 0
configure:8131: checking for mt
configure:8147: found /bin/mt
configure:8158: result: mt
configure:8181: checking if mt is a manifest tool
configure:8187: mt '-?'
configure:8195: result: no
configure:8834: checking for dlfcn.h
configure:8834: gcc -c -g -O0  conftest.c >&5
configure:8834: $? = 0
configure:8834: result: yes
configure:9040: checking for objdir
configure:9055: result: .libs
configure:9322: checking if gcc supports -fno-rtti -fno-exceptions
configure:9340: gcc -c -g -O0  -fno-rtti -fno-exceptions conftest.c >&5
cc1: warning: command line option '-fno-rtti' is valid for C++/ObjC++ but not for C [enabled by default]
configure:9344: $? = 0
configure:9357: result: no
configure:9684: checking for gcc option to produce PIC
configure:9691: result: -fPIC -DPIC
configure:9699: checking if gcc PIC flag -fPIC -DPIC works
configure:9717: gcc -c -g -O0  -fPIC -DPIC -DPIC conftest.c >&5
configure:9721: $? = 0
configure:9734: result: yes
configure:9763: checking if gcc static flag -static works
configure:9791: result: yes
configure:9806: checking if gcc supports -c -o file.o
configure:9827: gcc -c -g -O0  -o out/conftest2.o conftest.c >&5
configure:9831: $? = 0
configure:9853: result: yes
configure:9861: checking if gcc supports -c -o file.o
configure:9908: result: yes
configure:9941: checking whether the gcc linker (/usr/bin/ld -m elf_x86_64) supports shared libraries
configure:11098: result: yes
configure:11135: checking whether -lc should be explicitly linked in
configure:11143: gcc -c -g -O0  conftest.c >&5
configure:11146: $? = 0
configure:11161: gcc -shared  -fPIC -DPIC conftest.o  -v -Wl,-soname -Wl,conftest -o conftest 2\>\&1 \| /bin/grep  -lc  \>/dev/null 2\>\&1
configure:11164: $? = 0
configure:11178: result: no
configure:11338: checking dynamic linker characteristics
configure:11838: gcc -o conftest -g -O0   -Wl,-rpath -Wl,/foo conftest.c  >&5
configure:11838: $? = 0
configure:12072: result: GNU/Linux ld.so
configure:12179: checking how to hardcode library paths into programs
configure:12204: result: immediate
configure:12744: checking whether stripping libraries is possible
configure:12749: result: yes
configure:12784: checking if libtool supports shared libraries
configure:12786: result: yes
configure:12789: checking whether to build shared libraries
configure:12810: result: yes
configure:12813: checking whether to build static libraries
configure:12817: result: yes
configure:12910: checking for pkg-config
configure:12928: found /usr/bin/pkg-config
configure:12940: result: /usr/bin/pkg-config
configure:12965: checking pkg-config is at least version 0.9.0
configure:12968: result: yes
configure:12978: checking for LIGHTS
configure:12985: $PKG_CONFIG --exists --print-errors "jack alsa "
configure:12988: $? = 0
configure:13002: $PKG_CONFIG --exists --print-errors "jack alsa "
configure:13005: $? = 0
configure:13063: result: yes
configure:13182: checking that generated files are newer than configure
configure:13188: result: done
configure:13215: creating ./config.status
configure:15463: WARNING: unrecognized options: --enable-maintainer-mode

## ---------------- ##
## Cache variables. ##
## ---------------- ##

ac_cv_build=x86_64-unknown-linux-gnu
ac_cv_c_compiler_gnu=yes
ac_cv_env_CC_set=
ac_cv_env_CC_value=
ac_cv_env_CFLAGS_set=set
ac_cv_env_CFLAGS_value='-g -O0'
ac_cv_env_CPPFLAGS_set=
ac_cv_env_CPPFLAGS_value=
ac_cv_env_CPP_set=
ac_cv_env_CPP_value=
ac_cv_env_LDFLAGS_set=
ac_cv_env_LDFLAGS_value=
ac_cv_env_LIBS_set=
ac_cv_env_LIBS_value=
ac_cv_env_LIGHTS_CFLAGS_set=
ac_cv_env_LIGHTS_CFLAGS_value=
ac_cv_env_LIGHTS_LIBS_set=
ac_cv_env_LIGHTS_LIBS_value=
ac_cv_env_PKG_CONFIG_LIBDIR_set=
ac_cv_env_PKG_CONFIG_LIBDIR_value=
ac_cv_env_PKG_CONFIG_PATH_set=
ac_cv_env_PKG_CONFIG_PATH_value=
ac_cv_env_PKG_CONFIG_set=
ac_cv_env_PKG_CONFIG_value=
ac_cv_env_build_alias_set=
ac_cv_env_build_alias_value=
ac_cv_env_host_alias_set=
ac_cv_env_host_alias_value=
ac_cv_env_target_alias_set=
ac_cv_env_target_alias_value=
ac_cv_func_bind_textdomain_codeset=yes
ac_cv_func_dcgettext=yes
ac_cv_header_dlfcn_h=yes
ac_cv_header_inttypes_h=yes
ac_cv_header_libintl_h=yes
ac_cv_header_locale_h=yes
ac_cv_header_memory_h=yes
ac_cv_header_stdc=yes
ac_cv_header_stdint_h=yes
ac_cv_header_stdlib_h=yes
ac_cv_header_string_h=yes
ac_cv_header_strings_h=yes
ac_cv_header_sys_stat_h=yes
ac_cv_header_sys_types_h=yes
ac_cv_header_unistd_h=yes
ac_cv_host=x86_64-unknown-linux-gnu
ac_cv_objext=o
ac_cv_path_EGREP='/bin/grep -E'
ac_cv_path_FGREP='/bin/grep -F'
ac_cv_path_GMSGFMT=/usr/bin/msgfmt
ac_cv_path_GREP=/bin/grep
ac_cv_path_INTLTOOL_EXTRACT=/usr/bin/intltool-extract
ac_cv_path_INTLTOOL_MERGE=/usr/bin/intltool-merge
ac_cv_path_INTLTOOL_PERL=/usr/bin/perl
ac_cv_path_INTLTOOL_UPDATE=/usr/bin/intltool-update
ac_cv_path_MSGFMT=/usr/bin/msgfmt
ac_cv_path_MSGMERGE=/usr/bin/msgmerge
ac_cv_path_SED=/bin/sed
ac_cv_path_XGETTEXT=/usr/bin/xgettext
ac_cv_path_ac_pt_PKG_CONFIG=/usr/bin/pkg-config
ac_cv_path_install='/usr/bin/install -c'
ac_cv_path_mkdir=/bin/mkdir
ac_cv_prog_AWK=gawk
ac_cv_prog_CPP='gcc -E'
ac_cv_prog_ac_ct_AR=ar
ac_cv_prog_ac_ct_CC=gcc
ac_cv_prog_ac_ct_MANIFEST_TOOL=mt
ac_cv_prog_ac_ct_OBJDUMP=objdump
ac_cv_prog_ac_ct_RANLIB=ranlib
ac_cv_prog_ac_ct_STRIP=strip
ac_cv_prog_cc_c89=
ac_cv_prog_cc_g=yes
ac_cv_prog_make_make_set=yes
am_cv_CC_dependencies_compiler_type=gcc3
am_cv_make_support_nested_variables=yes
am_cv_prog_cc_c_o=yes
am_cv_val_LC_MESSAGES=yes
gt_cv_func_dgettext_libc=yes
gt_cv_func_dgettext_libintl=no
gt_cv_func_ngettext_libc=yes
gt_cv_have_gettext=yes
lt_cv_ar_at_file=@
lt_cv_archive_cmds_need_lc=no
lt_cv_deplibs_check_method=pass_all
lt_cv_file_magic_cmd='$MAGIC_CMD'
lt_cv_file_magic_test_file=
lt_cv_ld_reload_flag=-r
lt_cv_nm_interface='BSD nm'
lt_cv_objdir=.libs
lt_cv_path_LD=/usr/bin/ld
lt_cv_path_NM='/usr/bin/nm -B'
lt_cv_path_mainfest_tool=no
lt_cv_prog_compiler_c_o=yes
lt_cv_prog_compiler_pic='-fPIC -DPIC'
lt_cv_prog_compiler_pic_works=yes
lt_cv_prog_compiler_rtti_exceptions=no
lt_cv_prog_compiler_static_works=yes
lt_cv_prog_gnu_ld=yes
lt_cv_sharedlib_from_linklib_cmd='printf %s\n'
lt_cv_shlibpath_overrides_runpath=no
lt_cv_sys_global_symbol_pipe='sed -n -e '\''s/^.*[	 ]\([ABCDGIRSTW][ABCDGIRSTW]*\)[	 ][	 ]*\([_A-Za-z][_A-Za-z0-9]*\)$/\1 \2 \2/p'\'' | sed '\''/ __gnu_lto/d'\'''
lt_cv_sys_global_symbol_to_c_name_address='sed -n -e '\''s/^: \([^ ]*\)[ ]*$/  {\"\1\", (void *) 0},/p'\'' -e '\''s/^[ABCDGIRSTW]* \([^ ]*\) \([^ ]*\)$/  {"\2", (void *) \&\2},/p'\'''
lt_cv_sys_global_symbol_to_c_name_address_lib_prefix='sed -n -e '\''s/^: \([^ ]*\)[ ]*$/  {\"\1\", (void *) 0},/p'\'' -e '\''s/^[ABCDGIRSTW]* \([^ ]*\) \(lib[^ ]*\)$/  {"\2", (void *) \&\2},/p'\'' -e '\''s/^[ABCDGIRSTW]* \([^ ]*\) \([^ ]*\)$/  {"lib\2", (void *) \&\2},/p'\'''
lt_cv_sys_global_symbol_to_cdecl='sed -n -e '\''s/^T .* \(.*\)$/extern int \1();/p'\'' -e '\''s/^[ABCDGIRSTW]* .* \(.*\)$/extern char \1;/p'\'''
lt_cv_sys_max_cmd_len=3458764513820540925
lt_cv_to_host_file_cmd=func_convert_file_noop
lt_cv_to_tool_file_cmd=func_convert_file_noop
pkg_cv_LIGHTS_CFLAGS='-I/usr/include/alsa  '
pkg_cv_LIGHTS_LIBS='-ljack -lasound  '

## ----------------- ##
## Output variables. ##
## ----------------- ##

ACLOCAL='${SHELL} /home/eric/Workspace/Amjutalights/missing aclocal-1.14'
ALL_LINGUAS=''
AMDEPBACKSLASH='\'
AMDEP_FALSE='#'
AMDEP_TRUE=''
AMTAR='$${TAR-tar}'
AM_BACKSLASH='\'
AM_DEFAULT_V='$(AM_DEFAULT_VERBOSITY)'
AM_DEFAULT_VERBOSITY='0'
AM_V='$(V)'
AR='ar'
AUTOCONF='${SHELL} /home/eric/Workspace/Amjutalights/missing autoconf'
AUTOHEADER='${SHELL} /home/eric/Workspace/Amjutalights/missing autoheader'
AUTOMAKE='${SHELL} /home/eric/Workspace/Amjutalights/missing automake-1.14'
AWK='gawk'
CATALOGS=''
CATOBJEXT='.gmo'
CC='gcc'
CCDEPMODE='depmode=gcc3'
CFLAGS='-g -O0'
CPP='gcc -E'
CPPFLAGS=''
CYGPATH_W='echo'
DATADIRNAME='share'
DEFS='-DHAVE_CONFIG_H'
DEPDIR='.deps'
DLLTOOL='false'
DSYMUTIL=''
DUMPBIN=''
ECHO_C=''
ECHO_N='-n'
ECHO_T=''
EGREP='/bin/grep -E'
EXEEXT=''
FGREP='/bin/grep -F'
GETTEXT_PACKAGE='lights'
GMOFILES=''
GMSGFMT='/usr/bin/msgfmt'
GREP='/bin/grep'
INSTALL_DATA='${INSTALL} -m 644'
INSTALL_PROGRAM='${INSTALL}'
INSTALL_SCRIPT='${INSTALL}'
INSTALL_STRIP_PROGRAM='$(install_sh) -c -s'
INSTOBJEXT='.mo'
INTLLIBS=''
INTLTOOL_CAVES_RULE='%.caves:     %.caves.in     $(INTLTOOL_MERGE) $(wildcard $(top_srcdir)/po/*.po) ; $(INTLTOOL_V_MERGE)LC_ALL=C $(INTLTOOL_MERGE) $(INTLTOOL_V_MERGE_OPTIONS) -d -u -c $(top_builddir)/po/.intltool-merge-cache $(top_srcdir)/po $< $@'
INTLTOOL_DESKTOP_RULE='%.desktop:   %.desktop.in   $(INTLTOOL_MERGE) $(wildcard $(top_srcdir)/po/*.po) ; $(INTLTOOL_V_MERGE)LC_ALL=C $(INTLTOOL_MERGE) $(INTLTOOL_V_MERGE_OPTIONS) -d -u -c $(top_builddir)/po/.intltool-merge-cache $(top_srcdir)/po $< $@'
INTLTOOL_DIRECTORY_RULE='%.directory: %.directory.in $(INTLTOOL_MERGE) $(wildcard $(top_srcdir)/po/*.po) ; $(INTLTOOL_V_MERGE)LC_ALL=C $(INTLTOOL_MERGE) $(INTLTOOL_V_MERGE_OPTIONS) -d -u -c $(top_builddir)/po/.intltool-merge-cache $(top_srcdir)/po $< $@'
INTLTOOL_EXTRACT='/usr/bin/intltool-extract'
INTLTOOL_KBD_RULE='%.kbd:       %.kbd.in       $(INTLTOOL_MERGE) $(wildcard $(top_srcdir)/po/*.po) ; $(INTLTOOL_V_MERGE)LC_ALL=C $(INTLTOOL_MERGE) $(INTLTOOL_V_MERGE_OPTIONS) -x -u -m -c $(top_builddir)/po/.intltool-merge-cache $(top_srcdir)/po $< $@'
INTLTOOL_KEYS_RULE='%.keys:      %.keys.in      $(INTLTOOL_MERGE) $(wildcard $(top_srcdir)/po/*.po) ; $(INTLTOOL_V_MERGE)LC_ALL=C $(INTLTOOL_MERGE) $(INTLTOOL_V_MERGE_OPTIONS) -k -u -c $(top_builddir)/po/.intltool-merge-cache $(top_srcdir)/po $< $@'
INTLTOOL_MERGE='/usr/bin/intltool-merge'
INTLTOOL_OAF_RULE='%.oaf:       %.oaf.in       $(INTLTOOL_MERGE) $(wildcard $(top_srcdir)/po/*.po) ; $(INTLTOOL_V_MERGE)LC_ALL=C $(INTLTOOL_MERGE) $(INTLTOOL_V_MERGE_OPTIONS) -o -p $(top_srcdir)/po $< $@'
INTLTOOL_PERL='/usr/bin/perl'
INTLTOOL_POLICY_RULE='%.policy:    %.policy.in    $(INTLTOOL_MERGE) $(wildcard $(top_srcdir)/po/*.po) ; $(INTLTOOL_V_MERGE)LC_ALL=C $(INTLTOOL_MERGE) $(INTLTOOL_V_MERGE_OPTIONS) -x -u -c $(top_builddir)/po/.intltool-merge-cache $(top_srcdir)/po $< $@'
INTLTOOL_PONG_RULE='%.pong:      %.pong.in      $(INTLTOOL_MERGE) $(wildcard $(top_srcdir)/po/*.po) ; $(INTLTOOL_V_MERGE)LC_ALL=C $(INTLTOOL_MERGE) $(INTLTOOL_V_MERGE_OPTIONS) -x -u -c $(top_builddir)/po/.intltool-merge-cache $(top_srcdir)/po $< $@'
INTLTOOL_PROP_RULE='%.prop:      %.prop.in      $(INTLTOOL_MERGE) $(wildcard $(top_srcdir)/po/*.po) ; $(INTLTOOL_V_MERGE)LC_ALL=C $(INTLTOOL_MERGE) $(INTLTOOL_V_MERGE_OPTIONS) -d -u -c $(top_builddir)/po/.intltool-merge-cache $(top_srcdir)/po $< $@'
INTLTOOL_SCHEMAS_RULE='%.schemas:   %.schemas.in   $(INTLTOOL_MERGE) $(wildcard $(top_srcdir)/po/*.po) ; $(INTLTOOL_V_MERGE)LC_ALL=C $(INTLTOOL_MERGE) $(INTLTOOL_V_MERGE_OPTIONS) -s -u -c $(top_builddir)/po/.intltool-merge-cache $(top_srcdir)/po $< $@'
INTLTOOL_SERVER_RULE='%.server:    %.server.in    $(INTLTOOL_MERGE) $(wildcard $(top_srcdir)/po/*.po) ; $(INTLTOOL_V_MERGE)LC_ALL=C $(INTLTOOL_MERGE) $(INTLTOOL_V_MERGE_OPTIONS) -o -u -c $(top_builddir)/po/.intltool-merge-cache $(top_srcdir)/po $< $@'
INTLTOOL_SERVICE_RULE='%.service: %.service.in   $(INTLTOOL_MERGE) $(wildcard $(top_srcdir)/po/*.po) ; $(INTLTOOL_V_MERGE)LC_ALL=C $(INTLTOOL_MERGE) $(INTLTOOL_V_MERGE_OPTIONS) -d -u -c $(top_builddir)/po/.intltool-merge-cache $(top_srcdir)/po $< $@'
INTLTOOL_SHEET_RULE='%.sheet:     %.sheet.in     $(INTLTOOL_MERGE) $(wildcard $(top_srcdir)/po/*.po) ; $(INTLTOOL_V_MERGE)LC_ALL=C $(INTLTOOL_MERGE) $(INTLTOOL_V_MERGE_OPTIONS) -x -u -c $(top_builddir)/po/.intltool-merge-cache $(top_srcdir)/po $< $@'
INTLTOOL_SOUNDLIST_RULE='%.soundlist: %.soundlist.in $(INTLTOOL_MERGE) $(wildcard $(top_srcdir)/po/*.po) ; $(INTLTOOL_V_MERGE)LC_ALL=C $(INTLTOOL_MERGE) $(INTLTOOL_V_MERGE_OPTIONS) -d -u -c $(top_builddir)/po/.intltool-merge-cache $(top_srcdir)/po $< $@'
INTLTOOL_THEME_RULE='%.theme:     %.theme.in     $(INTLTOOL_MERGE) $(wildcard $(top_srcdir)/po/*.po) ; $(INTLTOOL_V_MERGE)LC_ALL=C $(INTLTOOL_MERGE) $(INTLTOOL_V_MERGE_OPTIONS) -d -u -c $(top_builddir)/po/.intltool-merge-cache $(top_srcdir)/po $< $@'
INTLTOOL_UI_RULE='%.ui:        %.ui.in        $(INTLTOOL_MERGE) $(wildcard $(top_srcdir)/po/*.po) ; $(INTLTOOL_V_MERGE)LC_ALL=C $(INTLTOOL_MERGE) $(INTLTOOL_V_MERGE_OPTIONS) -x -u -c $(top_builddir)/po/.intltool-merge-cache $(top_srcdir)/po $< $@'
INTLTOOL_UPDATE='/usr/bin/intltool-update'
INTLTOOL_V_MERGE='$(INTLTOOL__v_MERGE_$(V))'
INTLTOOL_V_MERGE_OPTIONS='$(intltool__v_merge_options_$(V))'
INTLTOOL_XAM_RULE='%.xam:       %.xml.in       $(INTLTOOL_MERGE) $(wildcard $(top_srcdir)/po/*.po) ; $(INTLTOOL_V_MERGE)LC_ALL=C $(INTLTOOL_MERGE) $(INTLTOOL_V_MERGE_OPTIONS) -x -u -c $(top_builddir)/po/.intltool-merge-cache $(top_srcdir)/po $< $@'
INTLTOOL_XML_NOMERGE_RULE='%.xml:       %.xml.in       $(INTLTOOL_MERGE) ; $(INTLTOOL_V_MERGE)LC_ALL=C $(INTLTOOL_MERGE) $(INTLTOOL_V_MERGE_OPTIONS) -x -u --no-translations $< $@'
INTLTOOL_XML_RULE='%.xml:       %.xml.in       $(INTLTOOL_MERGE) $(wildcard $(top_srcdir)/po/*.po) ; $(INTLTOOL_V_MERGE)LC_ALL=C $(INTLTOOL_MERGE) $(INTLTOOL_V_MERGE_OPTIONS) -x -u -c $(top_builddir)/po/.intltool-merge-cache $(top_srcdir)/po $< $@'
INTLTOOL__v_MERGE_0='@echo "  ITMRG " $@;'
INTLTOOL__v_MERGE_='$(INTLTOOL__v_MERGE_$(AM_DEFAULT_VERBOSITY))'
LD='/usr/bin/ld -m elf_x86_64'
LDFLAGS=''
LIBOBJS=''
LIBS=''
LIBTOOL='$(SHELL) $(top_builddir)/libtool'
LIGHTS_CFLAGS='-I/usr/include/alsa  '
LIGHTS_LIBS='-ljack -lasound  '
LIPO=''
LN_S='ln -s'
LTLIBOBJS=''
MAKEINFO='${SHELL} /home/eric/Workspace/Amjutalights/missing makeinfo'
MANIFEST_TOOL=':'
MKDIR_P='/bin/mkdir -p'
MKINSTALLDIRS='/home/eric/Workspace/Amjutalights/mkinstalldirs'
MSGFMT='/usr/bin/msgfmt'
MSGFMT_OPTS='-c'
MSGMERGE='/usr/bin/msgmerge'
NM='/usr/bin/nm -B'
NMEDIT=''
OBJDUMP='objdump'
OBJEXT='o'
OTOOL64=''
OTOOL=''
PACKAGE='lights'
PACKAGE_BUGREPORT=''
PACKAGE_NAME='lights'
PACKAGE_STRING='lights 0.1'
PACKAGE_TARNAME='lights'
PACKAGE_URL=''
PACKAGE_VERSION='0.1'
PATH_SEPARATOR=':'
PKG_CONFIG='/usr/bin/pkg-config'
PKG_CONFIG_LIBDIR=''
PKG_CONFIG_PATH=''
POFILES=''
POSUB='po'
PO_IN_DATADIR_FALSE=''
PO_IN_DATADIR_TRUE=''
RANLIB='ranlib'
SED='/bin/sed'
SET_MAKE=''
SHELL='/bin/bash'
STRIP='strip'
USE_NLS='yes'
VERSION='0.1'
XGETTEXT='/usr/bin/xgettext'
ac_ct_AR='ar'
ac_ct_CC='gcc'
ac_ct_DUMPBIN=''
am__EXEEXT_FALSE=''
am__EXEEXT_TRUE='#'
am__fastdepCC_FALSE='#'
am__fastdepCC_TRUE=''
am__include='include'
am__isrc=' -I$(srcdir)'
am__leading_dot='.'
am__nodep='_no'
am__quote=''
am__tar='$${TAR-tar} chof - "$$tardir"'
am__untar='$${TAR-tar} xf -'
bindir='${exec_prefix}/bin'
build='x86_64-unknown-linux-gnu'
build_alias=''
build_cpu='x86_64'
build_os='linux-gnu'
build_vendor='unknown'
datadir='${datarootdir}'
datarootdir='${prefix}/share'
docdir='${datarootdir}/doc/${PACKAGE_TARNAME}'
dvidir='${docdir}'
exec_prefix='${prefix}'
host='x86_64-unknown-linux-gnu'
host_alias=''
host_cpu='x86_64'
host_os='linux-gnu'
host_vendor='unknown'
htmldir='${docdir}'
includedir='${prefix}/include'
infodir='${datarootdir}/info'
install_sh='${SHELL} /home/eric/Workspace/Amjutalights/install-sh'
intltool__v_merge_options_0='-q'
intltool__v_merge_options_='$(intltool__v_merge_options_$(AM_DEFAULT_VERBOSITY))'
libdir='${exec_prefix}/lib'
libexecdir='${exec_prefix}/libexec'
localedir='${datarootdir}/locale'
localstatedir='${prefix}/var'
mandir='${datarootdir}/man'
mkdir_p='$(MKDIR_P)'
oldincludedir='/usr/include'
pdfdir='${docdir}'
prefix='/usr/local'
program_transform_name='s,x,x,'
psdir='${docdir}'
sbindir='${exec_prefix}/sbin'
sharedstatedir='${prefix}/com'
sysconfdir='${prefix}/etc'
target_alias=''

## ----------- ##
## confdefs.h. ##
## ----------- ##

/* confdefs.h */
#define PACKAGE_NAME "lights"
#define PACKAGE_TARNAME "lights"
#define PACKAGE_VERSION "0.1"
#define PACKAGE_STRING "lights 0.1"
#define PACKAGE_BUGREPORT ""
#define PACKAGE_URL ""
#define PACKAGE "lights"
#define VERSION "0.1"
#define GETTEXT_PACKAGE "lights"
#define STDC_HEADERS 1
#define HAVE_SYS_TYPES_H 1
#define HAVE_SYS_STAT_H 1
#define HAVE_STDLIB_H 1
#define HAVE_STRING_H 1
#define HAVE_MEMORY_H 1
#define HAVE_STRINGS_H 1
#define HAVE_INTTYPES_H 1
#define HAVE_STDINT_H 1
#define HAVE_UNISTD_H 1
#define HAVE_LOCALE_H 1
#define HAVE_LC_MESSAGES 1
#define HAVE_BIND_TEXTDOMAIN_CODESET 1
#define HAVE_GETTEXT 1
#define HAVE_DCGETTEXT 1
#define ENABLE_NLS 1
#define HAVE_DLFCN_H 1
#define LT_OBJDIR ".libs/"

configure: exit 0

## ---------------------- ##
## Running config.status. ##
## ---------------------- ##

This file was extended by lights config.status 0.1, which was
generated by GNU Autoconf 2.69.  Invocation command line was

  CONFIG_FILES    = 
  CONFIG_HEADERS  = 
  CONFIG_LINKS    = 
  CONFIG_COMMANDS = 
  $ ./config.status 

on Jinx

config.status:1164: creating Makefile
config.status:1164: creating src/Makefile
config.status:1164: creating po/Makefile.in
config.status:1164: creating config.h
config.status:1330: config.h is unchanged
config.status:1378: executing depfiles commands
config.status:1378: executing default-1 commands
config.status:1378: executing libtool commands
config.status:1378: executing po/stamp-it commands

## ---------------------- ##
## Running config.status. ##
## ---------------------- ##

This file was extended by lights config.status 0.1, which was
generated by GNU Autoconf 2.69.  Invocation command line was

  CONFIG_FILES    = 
  CONFIG_HEADERS  = 
  CONFIG_LINKS    = 
  CONFIG_COMMANDS = 
  $ ./config.status config.h

on Jinx

config.status:1164: creating config.h
config.status:1330: config.h is unchanged
